2024-12-31 23:07:57.132 [info] update#setState disabled
2024-12-31 23:07:57.132 [info] update#ctor - updates are disabled as there is no update URL
2024-12-31 23:07:57.463 [error] [uncaught exception in main]: Error: [UriError]: If a URI does not contain an authority component, then the path cannot begin with two slash characters ("//")
2024-12-31 23:07:57.463 [error] Error: [UriError]: If a URI does not contain an authority component, then the path cannot begin with two slash characters ("//")
    at k6 (file:///opt/code-translucent/resources/app/out/main.js:33:15494)
    at new zu (file:///opt/code-translucent/resources/app/out/main.js:33:18559)
    at new Lr (file:///opt/code-translucent/resources/app/out/main.js:33:19997)
    at Lr.with (file:///opt/code-translucent/resources/app/out/main.js:33:18993)
    at Hu.uriToFileUri (file:///opt/code-translucent/resources/app/out/main.js:33:96842)
    at $u.m (file:///opt/code-translucent/resources/app/out/main.js:111:2109)
    at $u.j (file:///opt/code-translucent/resources/app/out/main.js:111:1679)
    at Function.<anonymous> (file:///opt/code-translucent/resources/app/out/main.js:111:1222)
2024-12-31 23:09:38.991 [info] Extension host with pid 30050 exited with code: 0, signal: unknown.
2024-12-31 23:09:39.005 [error] [storage state.vscdb] prepare(): Error: SQLITE_READONLY_DBMOVED: attempt to write a readonly database (INSERT INTO ItemTable VALUES (?,?)). Details: Keys: editorFontInfo Length: 499
2024-12-31 23:09:39.006 [error] [storage state.vscdb] prepare(): Error: SQLITE_READONLY_DBMOVED: attempt to write a readonly database (INSERT INTO ItemTable VALUES (?,?),(?,?)). Details: Keys: __$__targetStorageMarker, lifecyle.lastShutdownReason Length: 1271
2024-12-31 23:09:39.015 [error] Error: ENOENT: no such file or directory, unlink '/home/n30/.config/Code - OSS/User/workspaceStorage/1735707245457/state.vscdb'
    at async Object.unlink (node:internal/fs/promises:1066:10)
    at async p9.y (file:///opt/code-translucent/resources/app/out/main.js:38:39870)
    at async Ju.w (file:///opt/code-translucent/resources/app/out/main.js:38:62176)
    at async Ju.close (file:///opt/code-translucent/resources/app/out/main.js:38:61600)
    at async Promise.all (index 2)
    at async Object.e [as settled] (file:///opt/code-translucent/resources/app/out/main.js:33:108909)
    at async file:///opt/code-translucent/resources/app/out/main.js:38:34250
