2024-12-31 23:07:57.720 [info] Extension host with pid 30050 started
2024-12-31 23:07:57.733 [info] ExtensionService#_doActivateExtension vscode.github-authentication, startup: false, activationEvent: 'onAuthenticationRequest:github'
2024-12-31 23:07:57.756 [info] ExtensionService#_doActivateExtension vscode.git-base, startup: true, activationEvent: '*', root cause: vscode.git
2024-12-31 23:07:57.758 [info] ExtensionService#_doActivateExtension vscode.git, startup: true, activationEvent: '*'
2024-12-31 23:07:57.791 [info] ExtensionService#_doActivateExtension vscode.github, startup: true, activationEvent: '*'
2024-12-31 23:07:57.822 [info] Eager extensions activated
2024-12-31 23:07:57.831 [info] ExtensionService#_doActivateExtension vscode.debug-auto-launch, startup: false, activationEvent: 'onStartupFinished'
2024-12-31 23:07:57.832 [info] ExtensionService#_doActivateExtension vscode.merge-conflict, startup: false, activationEvent: 'onStartupFinished'
2024-12-31 23:07:57.841 [info] ExtensionService#_doActivateExtension BrandonKirbyson.vscode-animations, startup: false, activationEvent: 'onStartupFinished'
2024-12-31 23:07:57.842 [info] ExtensionService#_doActivateExtension drcika.apc-extension, startup: false, activationEvent: 'onStartupFinished'
2024-12-31 23:07:57.845 [error] Activating extension drcika.apc-extension failed due to an error:
2024-12-31 23:07:57.845 [error] TypeError: Cannot read properties of undefined (reading 'filename')
	at Object.<anonymous> (/home/n30/.vscode-oss/extensions/drcika.apc-extension-0.4.1/dist/patch.js:17:52)
	at Module._compile (node:internal/modules/cjs/loader:1484:14)
	at Module._extensions..js (node:internal/modules/cjs/loader:1564:10)
	at Module.load (node:internal/modules/cjs/loader:1295:32)
	at Module._load (node:internal/modules/cjs/loader:1111:12)
	at c._load (node:electron/js2c/node_init:2:16955)
	at e._load (file:///opt/code-translucent/resources/app/out/vs/workbench/api/node/extensionHostProcess.js:175:10896)
	at t._load (file:///opt/code-translucent/resources/app/out/vs/workbench/api/node/extensionHostProcess.js:167:22534)
	at i._load (file:///opt/code-translucent/resources/app/out/vs/workbench/api/node/extensionHostProcess.js:159:21138)
	at Module.require (node:internal/modules/cjs/loader:1318:19)
	at require (node:internal/modules/helpers:179:18)
	at Object.<anonymous> (/home/n30/.vscode-oss/extensions/drcika.apc-extension-0.4.1/dist/extension.js:7:17)
	at Module._compile (node:internal/modules/cjs/loader:1484:14)
	at Module._extensions..js (node:internal/modules/cjs/loader:1564:10)
	at Module.load (node:internal/modules/cjs/loader:1295:32)
	at Module._load (node:internal/modules/cjs/loader:1111:12)
	at c._load (node:electron/js2c/node_init:2:16955)
	at e._load (file:///opt/code-translucent/resources/app/out/vs/workbench/api/node/extensionHostProcess.js:175:10896)
	at t._load (file:///opt/code-translucent/resources/app/out/vs/workbench/api/node/extensionHostProcess.js:167:22534)
	at i._load (file:///opt/code-translucent/resources/app/out/vs/workbench/api/node/extensionHostProcess.js:159:21138)
	at Module.require (node:internal/modules/cjs/loader:1318:19)
	at require (node:internal/modules/helpers:179:18)
	at zz.xb (file:///opt/code-translucent/resources/app/out/vs/workbench/api/node/extensionHostProcess.js:167:23854)
	at async Promise.all (index 0)
2024-12-31 23:07:57.845 [info] ExtensionService#_doActivateExtension RichardLuo.frosted-glass-theme, startup: false, activationEvent: 'onStartupFinished'
2024-12-31 23:09:38.987 [info] Extension host terminating: renderer closed the MessagePort
2024-12-31 23:09:38.989 [info] Extension host with pid 30050 exiting with code 0
