2024-12-31 23:01:01.260 [warning] Via 'product.json#extensionEnabledApiProposals' extension 'ms-vscode.vscode-selfhost-test-provider' wants API proposal 'attributableCoverage' but that proposal DOES NOT EXIST. Likely, the proposal has been finalized (check 'vscode.d.ts') or was abandoned.
2024-12-31 23:01:01.260 [warning] Via 'product.json#extensionEnabledApiProposals' extension 'ms-python.python' wants API proposal 'contribIssueReporter' but that proposal DOES NOT EXIST. Likely, the proposal has been finalized (check 'vscode.d.ts') or was abandoned.
2024-12-31 23:01:01.260 [warning] Via 'product.json#extensionEnabledApiProposals' extension 'ms-python.debugpy' wants API proposal 'contribIssueReporter' but that proposal DOES NOT EXIST. Likely, the proposal has been finalized (check 'vscode.d.ts') or was abandoned.
2024-12-31 23:01:01.389 [info] Started local extension host with pid 27083.
2024-12-31 23:01:01.610 [info] Settings Sync: Account status changed from uninitialized to unavailable
2024-12-31 23:01:04.001 [info] [perf] Render performance baseline is 22ms
2024-12-31 23:01:04.336 [error] lock() request could not be registered.: Error: lock() request could not be registered.
2024-12-31 23:01:23.457 [error] Unable to resolve nonexistent file 'vscode-userdata:/home/n30/.config/Code - OSS/User/globalStorage/alexowl.transparent-color-theme': Error: Unable to resolve nonexistent file 'vscode-userdata:/home/n30/.config/Code - OSS/User/globalStorage/alexowl.transparent-color-theme'
    at _ot.resolve (vscode-file://vscode-app/opt/code-translucent/resources/app/out/vs/workbench/workbench.desktop.main.js:3108:60549)
    at async BTt (vscode-file://vscode-app/opt/code-translucent/resources/app/out/vs/workbench/workbench.desktop.main.js:480:44682)
2024-12-31 23:02:18.828 [warning] Via 'product.json#extensionEnabledApiProposals' extension 'ms-vscode.vscode-selfhost-test-provider' wants API proposal 'attributableCoverage' but that proposal DOES NOT EXIST. Likely, the proposal has been finalized (check 'vscode.d.ts') or was abandoned.
2024-12-31 23:02:18.828 [warning] Via 'product.json#extensionEnabledApiProposals' extension 'ms-python.python' wants API proposal 'contribIssueReporter' but that proposal DOES NOT EXIST. Likely, the proposal has been finalized (check 'vscode.d.ts') or was abandoned.
2024-12-31 23:02:18.828 [warning] Via 'product.json#extensionEnabledApiProposals' extension 'ms-python.debugpy' wants API proposal 'contribIssueReporter' but that proposal DOES NOT EXIST. Likely, the proposal has been finalized (check 'vscode.d.ts') or was abandoned.
2024-12-31 23:02:18.971 [info] Started local extension host with pid 27572.
2024-12-31 23:02:19.201 [info] Settings Sync: Account status changed from uninitialized to unavailable
2024-12-31 23:02:21.550 [info] [perf] Render performance baseline is 20ms
2024-12-31 23:02:27.188 [error] command 'apc.extension.enable' not found: Error: command 'apc.extension.enable' not found
    at O9e.n (vscode-file://vscode-app/opt/code-translucent/resources/app/out/vs/workbench/workbench.desktop.main.js:1315:1341)
    at O9e.executeCommand (vscode-file://vscode-app/opt/code-translucent/resources/app/out/vs/workbench/workbench.desktop.main.js:1315:1273)
2024-12-31 23:03:04.714 [warning] Via 'product.json#extensionEnabledApiProposals' extension 'ms-vscode.vscode-selfhost-test-provider' wants API proposal 'attributableCoverage' but that proposal DOES NOT EXIST. Likely, the proposal has been finalized (check 'vscode.d.ts') or was abandoned.
2024-12-31 23:03:04.714 [warning] Via 'product.json#extensionEnabledApiProposals' extension 'ms-python.python' wants API proposal 'contribIssueReporter' but that proposal DOES NOT EXIST. Likely, the proposal has been finalized (check 'vscode.d.ts') or was abandoned.
2024-12-31 23:03:04.714 [warning] Via 'product.json#extensionEnabledApiProposals' extension 'ms-python.debugpy' wants API proposal 'contribIssueReporter' but that proposal DOES NOT EXIST. Likely, the proposal has been finalized (check 'vscode.d.ts') or was abandoned.
2024-12-31 23:03:04.801 [error] [uncaught exception in main]: [UriError]: If a URI does not contain an authority component, then the path cannot begin with two slash characters ("//"): Error: [UriError]: If a URI does not contain an authority component, then the path cannot begin with two slash characters ("//")
    at k6 (file:///opt/code-translucent/resources/app/out/main.js:33:15494)
    at new zu (file:///opt/code-translucent/resources/app/out/main.js:33:18559)
    at Lr (file:///opt/code-translucent/resources/app/out/main.js:33:19997)
    at Lr.with (file:///opt/code-translucent/resources/app/out/main.js:33:18993)
    at Hu.uriToFileUri (file:///opt/code-translucent/resources/app/out/main.js:33:96842)
    at $u.m (file:///opt/code-translucent/resources/app/out/main.js:111:2109)
    at $u.j (file:///opt/code-translucent/resources/app/out/main.js:111:1679)
    at Function.<anonymous> (file:///opt/code-translucent/resources/app/out/main.js:111:1222)
2024-12-31 23:03:04.852 [info] Started local extension host with pid 27887.
2024-12-31 23:03:05.043 [info] Settings Sync: Account status changed from uninitialized to unavailable
2024-12-31 23:03:07.363 [warning] 

----------------------------------------------
***	Installation has been modified on disk ***
----------------------------------------------


2024-12-31 23:03:07.413 [info] [perf] Render performance baseline is 11ms
2024-12-31 23:03:30.542 [error] Unable to resolve nonexistent file 'vscode-userdata:/home/n30/.config/Code - OSS/User/globalStorage/richardluo.frosted-glass-theme': Error: Unable to resolve nonexistent file 'vscode-userdata:/home/n30/.config/Code - OSS/User/globalStorage/richardluo.frosted-glass-theme'
    at _ot.resolve (vscode-file://vscode-app/opt/code-translucent/resources/app/out/vs/workbench/workbench.desktop.main.js:3108:60549)
    at async BTt (vscode-file://vscode-app/opt/code-translucent/resources/app/out/vs/workbench/workbench.desktop.main.js:480:44682)
