2024-12-31 23:01:01.358 [info] Added views:outline in workbench.view.explorer
2024-12-31 23:01:01.358 [info] Added views:workbench.view.search in workbench.view.search
2024-12-31 23:01:01.358 [info] Added views:workbench.scm in workbench.view.scm
2024-12-31 23:01:01.358 [info] Added views:workbench.panel.markers.view in workbench.panel.markers
2024-12-31 23:01:01.358 [info] Added views:workbench.panel.output in workbench.panel.output
2024-12-31 23:01:01.358 [info] Added views:terminal in terminal
2024-12-31 23:01:01.358 [info] Added views:timeline in workbench.view.explorer
2024-12-31 23:01:01.358 [info] Added views:workbench.explorer.emptyView in workbench.view.explorer
2024-12-31 23:01:01.416 [info] Added views:workbench.debug.welcome in workbench.view.debug
2024-12-31 23:01:01.545 [info] Added views:~remote.forwardedPorts in ~remote.forwardedPortsContainer
2024-12-31 23:01:01.644 [info] Added views:workbench.panel.repl.view in workbench.panel.repl
2024-12-31 23:01:12.005 [info] Added views:workbench.views.extensions.installed,workbench.views.extensions.popular,extensions.recommendedList in workbench.view.extensions
2024-12-31 23:01:12.006 [info] Removed views:workbench.views.extensions.popular from workbench.view.extensions
2024-12-31 23:01:42.715 [info] Removed views:extensions.recommendedList,workbench.views.extensions.installed from workbench.view.extensions
2024-12-31 23:01:42.719 [info] Added views:workbench.views.extensions.marketplace in workbench.view.extensions
2024-12-31 23:02:18.911 [info] Added views:outline in workbench.view.explorer
2024-12-31 23:02:18.911 [info] Added views:workbench.view.search in workbench.view.search
2024-12-31 23:02:18.911 [info] Added views:workbench.scm in workbench.view.scm
2024-12-31 23:02:18.911 [info] Added views:workbench.panel.markers.view in workbench.panel.markers
2024-12-31 23:02:18.911 [info] Added views:workbench.panel.output in workbench.panel.output
2024-12-31 23:02:18.911 [info] Added views:terminal in terminal
2024-12-31 23:02:18.911 [info] Added views:timeline in workbench.view.explorer
2024-12-31 23:02:18.911 [info] Added views:workbench.explorer.emptyView in workbench.view.explorer
2024-12-31 23:02:19.065 [info] Added views:workbench.views.extensions.installed,extensions.recommendedList in workbench.view.extensions
2024-12-31 23:02:19.077 [info] Added views:workbench.debug.welcome in workbench.view.debug
2024-12-31 23:02:19.126 [info] Added views:~remote.forwardedPorts in ~remote.forwardedPortsContainer
2024-12-31 23:02:19.233 [info] Added views:workbench.panel.repl.view in workbench.panel.repl
2024-12-31 23:03:04.792 [info] Added views:outline in workbench.view.explorer
2024-12-31 23:03:04.793 [info] Added views:workbench.view.search in workbench.view.search
2024-12-31 23:03:04.793 [info] Added views:workbench.scm in workbench.view.scm
2024-12-31 23:03:04.793 [info] Added views:workbench.panel.markers.view in workbench.panel.markers
2024-12-31 23:03:04.793 [info] Added views:workbench.panel.output in workbench.panel.output
2024-12-31 23:03:04.793 [info] Added views:terminal in terminal
2024-12-31 23:03:04.793 [info] Added views:timeline in workbench.view.explorer
2024-12-31 23:03:04.793 [info] Added views:workbench.explorer.emptyView in workbench.view.explorer
2024-12-31 23:03:04.907 [info] Added views:workbench.debug.welcome in workbench.view.debug
2024-12-31 23:03:04.990 [info] Added views:workbench.views.extensions.installed,extensions.recommendedList in workbench.view.extensions
2024-12-31 23:03:05.018 [info] Added views:~remote.forwardedPorts in ~remote.forwardedPortsContainer
2024-12-31 23:03:05.094 [info] Added views:workbench.panel.repl.view in workbench.panel.repl
